Determining if the pthread_create exist failed with the following output:
Change Dir: /home/syssec/Kyuchan/srsLTE/build/CMakeFiles/CMakeTmp

Run Build Command:"/usr/bin/make" "cmTC_a21ac/fast"
/usr/bin/make -f CMakeFiles/cmTC_a21ac.dir/build.make CMakeFiles/cmTC_a21ac.dir/build
make[1]: Entering directory '/home/syssec/Kyuchan/srsLTE/build/CMakeFiles/CMakeTmp'
Building C object CMakeFiles/cmTC_a21ac.dir/CheckSymbolExists.c.o
/usr/bin/cc     -o CMakeFiles/cmTC_a21ac.dir/CheckSymbolExists.c.o   -c /home/syssec/Kyuchan/srsLTE/build/CMakeFiles/CMakeTmp/CheckSymbolExists.c
Linking C executable cmTC_a21ac
/usr/bin/cmake -E cmake_link_script CMakeFiles/cmTC_a21ac.dir/link.txt --verbose=1
/usr/bin/cc       CMakeFiles/cmTC_a21ac.dir/CheckSymbolExists.c.o  -o cmTC_a21ac -rdynamic 
CMakeFiles/cmTC_a21ac.dir/CheckSymbolExists.c.o: In function `main':
CheckSymbolExists.c:(.text+0x16): undefined reference to `pthread_create'
collect2: error: ld returned 1 exit status
CMakeFiles/cmTC_a21ac.dir/build.make:97: recipe for target 'cmTC_a21ac' failed
make[1]: *** [cmTC_a21ac] Error 1
make[1]: Leaving directory '/home/syssec/Kyuchan/srsLTE/build/CMakeFiles/CMakeTmp'
Makefile:126: recipe for target 'cmTC_a21ac/fast' failed
make: *** [cmTC_a21ac/fast] Error 2

File /home/syssec/Kyuchan/srsLTE/build/CMakeFiles/CMakeTmp/CheckSymbolExists.c:
/* */
#include <pthread.h>

int main(int argc, char** argv)
{
  (void)argv;
#ifndef pthread_create
  return ((int*)(&pthread_create))[argc];
#else
  (void)argc;
  return 0;
#endif
}

Determining if the function pthread_create exists in the pthreads failed with the following output:
Change Dir: /home/syssec/Kyuchan/srsLTE/build/CMakeFiles/CMakeTmp

Run Build Command:"/usr/bin/make" "cmTC_a7cba/fast"
/usr/bin/make -f CMakeFiles/cmTC_a7cba.dir/build.make CMakeFiles/cmTC_a7cba.dir/build
make[1]: Entering directory '/home/syssec/Kyuchan/srsLTE/build/CMakeFiles/CMakeTmp'
Building C object CMakeFiles/cmTC_a7cba.dir/CheckFunctionExists.c.o
/usr/bin/cc    -DCHECK_FUNCTION_EXISTS=pthread_create   -o CMakeFiles/cmTC_a7cba.dir/CheckFunctionExists.c.o   -c /usr/share/cmake-3.5/Modules/CheckFunctionExists.c
Linking C executable cmTC_a7cba
/usr/bin/cmake -E cmake_link_script CMakeFiles/cmTC_a7cba.dir/link.txt --verbose=1
/usr/bin/cc   -DCHECK_FUNCTION_EXISTS=pthread_create    CMakeFiles/cmTC_a7cba.dir/CheckFunctionExists.c.o  -o cmTC_a7cba -rdynamic -lpthreads 
/usr/bin/ld: cannot find -lpthreads
collect2: error: ld returned 1 exit status
CMakeFiles/cmTC_a7cba.dir/build.make:97: recipe for target 'cmTC_a7cba' failed
make[1]: *** [cmTC_a7cba] Error 1
make[1]: Leaving directory '/home/syssec/Kyuchan/srsLTE/build/CMakeFiles/CMakeTmp'
Makefile:126: recipe for target 'cmTC_a7cba/fast' failed
make: *** [cmTC_a7cba/fast] Error 2


Performing C SOURCE FILE Test HAVE_AVX512 failed with the following output:
Change Dir: /home/syssec/Kyuchan/srsLTE/build/CMakeFiles/CMakeTmp

Run Build Command:"/usr/bin/make" "cmTC_c69b4/fast"
/usr/bin/make -f CMakeFiles/cmTC_c69b4.dir/build.make CMakeFiles/cmTC_c69b4.dir/build
make[1]: Entering directory '/home/syssec/Kyuchan/srsLTE/build/CMakeFiles/CMakeTmp'
Building C object CMakeFiles/cmTC_c69b4.dir/src.c.o
/usr/bin/cc    -DHAVE_AVX512 -mavx512f -mavx512cd -mavx512bw -mavx512dq -DLV_HAVE_AVX512   -o CMakeFiles/cmTC_c69b4.dir/src.c.o   -c /home/syssec/Kyuchan/srsLTE/build/CMakeFiles/CMakeTmp/src.c
Linking C executable cmTC_c69b4
/usr/bin/cmake -E cmake_link_script CMakeFiles/cmTC_c69b4.dir/link.txt --verbose=1
/usr/bin/cc   -DHAVE_AVX512 -mavx512f -mavx512cd -mavx512bw -mavx512dq -DLV_HAVE_AVX512    CMakeFiles/cmTC_c69b4.dir/src.c.o  -o cmTC_c69b4 -rdynamic 
make[1]: Leaving directory '/home/syssec/Kyuchan/srsLTE/build/CMakeFiles/CMakeTmp'

Return value: FAILED_TO_RUN
Source file was:

          #include <immintrin.h>
          int main()
          {
            __m512i a, b, c;
            const int src[16] = { 0x0, 0x1, 0x2, 0x3, 0x4, 0x5, 0x6, 0x7, 0x8 , 0x9, 0xA, 0xB, 0xC, 0xD, 0xE, 0xF};
            int dst[16];
            a =  _mm512_loadu_si512( (__m512i*)src );
            b =  _mm512_loadu_si512( (__m512i*)src );
            c = _mm512_add_epi32( a, b );
            _mm512_storeu_si512( (__m512i*)dst, c );
            int i = 0;
            for( i = 0; i < 16; i++ ){
              if( ( src[i] + src[i] ) != dst[i] ){
                return -1;
              }
            }
            return 0;
          }
Performing C++ SOURCE FILE Test HAVE_VISIBILITY_HIDDEN failed with the following output:
Change Dir: /home/syssec/Kyuchan/srsLTE/build/CMakeFiles/CMakeTmp

Run Build Command:"/usr/bin/make" "cmTC_72960/fast"
/usr/bin/make -f CMakeFiles/cmTC_72960.dir/build.make CMakeFiles/cmTC_72960.dir/build
make[1]: Entering directory '/home/syssec/Kyuchan/srsLTE/build/CMakeFiles/CMakeTmp'
Building CXX object CMakeFiles/cmTC_72960.dir/src.cxx.o
/usr/bin/c++     -Wall -Wno-comment -Wno-reorder -Wno-unused-but-set-variable -Wno-unused-variable -Wformat -Wmissing-field-initializers -Wtype-limits -std=c++03 -march=native -mfpmath=sse -mavx2 -DLV_HAVE_AVX2 -DLV_HAVE_AVX -DLV_HAVE_SSE -O3 -fno-trapping-math -fno-math-errno -DBUILD_TYPE_RELEASE -DHAVE_VISIBILITY_HIDDEN  -Wall -Wno-comment -Wno-write-strings -Winline -Wno-unused-result -Wformat -Wmissing-field-initializers -Wtype-limits -std=c99 -D_GNU_SOURCE -O3 -fno-trapping-math -fno-math-errno -DBUILD_TYPE_RELEASE -march=native -mfpmath=sse -mavx2 -DLV_HAVE_AVX2 -DLV_HAVE_AVX -DLV_HAVE_SSE -mfma -DLV_HAVE_FMA -Ofast -funroll-loops   -fvisibility=hidden -o CMakeFiles/cmTC_72960.dir/src.cxx.o -c /home/syssec/Kyuchan/srsLTE/build/CMakeFiles/CMakeTmp/src.cxx
cc1plus: warning: command line option '-std=c99' is valid for C/ObjC but not for C++
Linking CXX executable cmTC_72960
/usr/bin/cmake -E cmake_link_script CMakeFiles/cmTC_72960.dir/link.txt --verbose=1
/usr/bin/c++    -Wall -Wno-comment -Wno-reorder -Wno-unused-but-set-variable -Wno-unused-variable -Wformat -Wmissing-field-initializers -Wtype-limits -std=c++03 -march=native -mfpmath=sse -mavx2 -DLV_HAVE_AVX2 -DLV_HAVE_AVX -DLV_HAVE_SSE -O3 -fno-trapping-math -fno-math-errno -DBUILD_TYPE_RELEASE -DHAVE_VISIBILITY_HIDDEN  -Wall -Wno-comment -Wno-write-strings -Winline -Wno-unused-result -Wformat -Wmissing-field-initializers -Wtype-limits -std=c99 -D_GNU_SOURCE -O3 -fno-trapping-math -fno-math-errno -DBUILD_TYPE_RELEASE -march=native -mfpmath=sse -mavx2 -DLV_HAVE_AVX2 -DLV_HAVE_AVX -DLV_HAVE_SSE -mfma -DLV_HAVE_FMA -Ofast -funroll-loops    CMakeFiles/cmTC_72960.dir/src.cxx.o  -o cmTC_72960 -rdynamic 
make[1]: Leaving directory '/home/syssec/Kyuchan/srsLTE/build/CMakeFiles/CMakeTmp'

Source file was:
int main() { return 0; }
